   12.4    19.0
   15.0    15.6
   10.7    18.2
   11.4    19.0
   12.4    17.2
  357.3    15.2
  353.9    21.7
  353.8    21.6
  340.5    25.3
  342.6    27.5
  351.2    22.3
  349.4    30.0
  346.3    17.1
  350.9    24.1
  359.1    25.0
    0.5    29.4
  354.4    45.4
    0.9    24.2
  350.2    27.5
    0.0    28.2
  344.0    -8.0
  346.1    -6.1
  347.3    -4.8
  350.4    -6.7
  344.5    -6.7
  352.4   -30.7
    1.6   -22.6
    4.4   -20.9
    2.5   -14.7
  344.2     4.9
  352.5     6.5
  345.1     4.4
  348.6     7.1
  349.5     8.1
  351.2    19.3
  357.1    26.3
  356.4    21.4
