0.139204
-0.216945
0.130598
0.306301
-0.978675
0.561121
-1.570010
-1.266305
-0.397189
0.275421
-1.795248
-0.377354
1.105702
-0.537643
-0.631540
-0.882832
0.365961
0.093142
0.722412
-2.818131
1.309160
0.120057
-0.536210
-0.213611
0.420822
-0.924254
0.768217
0.763834
0.040774
0.181800
-2.506402
-2.643943
-0.688917
1.089074
0.605958
-0.593866
1.249743
2.024335
0.049564
-1.175731
-0.178435
0.408148
-1.304995
1.236885
-0.842620
0.032078
-1.399579
0.361995
0.399754
-0.262185
-1.356269
-1.921480
-0.633776
-0.532042
0.113106
-0.366484
-0.642529
-1.444361
-0.009656
-0.221285
2.357429
1.071797
-2.056499
-1.363781
-0.475203
1.071653
-0.909736
-1.176097
-0.688696
0.533618
-1.049547
-0.584768
0.885374
1.533707
-1.122088
1.009882
0.397460
0.860641
-0.069921
0.240934
-0.146891
-0.655479
0.698211
2.340928
2.044590
2.218429
1.627036
0.401831
-1.097931
0.531855
0.583947
0.054018
-0.668825
-0.507901
-1.300890
-1.261628
-0.821306
0.113798
0.390339
-0.434572
