  295.4   -52.3
  186.1    72.2
  131.6    16.6
  283.9   -62.0
  307.0     6.6
  197.7    52.2
  211.9    -7.3
    9.8   -49.2
  216.0   -39.6
  120.8   -22.6
  307.8    -3.9
  196.4     5.5
  249.0    62.9
  304.5    48.7
  199.0    14.8
  287.4    34.5
  179.2   -40.6
  352.6    19.8
  182.2    49.5
  321.7    48.8
  146.4     8.6
  303.0   -16.7
  134.7     8.8
  102.2    12.2
  307.0   -24.3
   57.9    76.1
   30.2    54.4
  332.7     8.3
  202.8   -31.4
  107.8   -57.1
  347.4   -34.8
  305.5    71.5
  169.2   -10.9
   59.8   -23.2
  324.7   -47.1
   32.6    34.7
  332.4   -39.9
  194.0   -26.7
  144.7    20.5
    1.6   -20.5
  175.0    54.0
  208.0    54.9
   79.3   -65.4
   45.7   -36.8
  149.2   -49.9
   93.2   -12.8
  243.2    43.5
  226.4     5.7
  277.0    -2.9
  256.8    33.1
   25.6   -48.7
  323.4    19.1
   44.3    21.5
  124.2   -24.0
  191.6    36.2
   59.0   -30.3
  216.6    24.3
  241.9    64.6
   54.0   -38.6
  243.8     4.0
   27.8   -71.1
  321.3   -10.5
  126.0   -17.3
  135.4     3.8
  330.8    53.2
   23.0    11.7
  135.2    23.2
  133.2    25.9
  195.4   -27.3
  350.8    45.3
  303.0    66.0
  138.0    -8.9
  283.3    -4.3
  172.5    16.5
  298.2   -22.2
  185.6   -18.8
   94.9   -45.2
   48.9   -45.0
  158.2    21.6
   72.3    45.2
  203.8    14.2
  214.6   -27.0
   46.9   -36.7
  340.0   -41.5
  331.0   -60.3
  164.6    18.0
  100.2   -28.5
  297.2   -41.8
   16.3    46.5
   55.9   -17.4
   15.9    52.4
   33.9   -40.0
   96.8   -19.4
  335.6   -25.3
   53.6    57.9
   81.7     8.2
    9.0   -17.3
    7.7   -31.0
  176.9   -70.9
  305.9    51.5
  204.8   -22.2
  216.5    17.4
  230.7   -16.3
  134.7    34.5
   64.2   -37.7
  266.6   -33.4
  333.5   -42.0
  334.8   -83.8
  222.8    44.6
  151.3    -9.8
  278.8    -3.2
   88.5    32.9
  305.3   -49.5
  317.5     9.8
   18.6   -68.2
   46.9    71.7
  197.0   -41.3
  307.5   -36.9
  343.6   -62.2
  132.9    36.7
   90.6   -34.5
  294.8    19.9
  335.6   -27.1
   30.1   -31.9
  324.1    38.4
  285.0    47.9
  337.2    44.6
  134.1   -24.1
   55.1     8.9
  350.2   -24.6
  264.5    -8.4
   89.6    -1.4
  108.0    31.2
  350.5    36.5
  357.2    62.6
  355.3    69.1
  283.4     2.1
  231.1   -66.4
   94.5   -50.5
   22.6   -47.3
  214.6   -14.1
  336.5   -76.6
  193.1   -85.1
  217.6    53.2
  284.1   -26.1
  239.9    71.8
  133.5   -21.6
  117.1    10.8
  163.6     6.9
  269.2    -6.2
  358.0   -55.7
  226.8   -32.0
   72.9    28.5
  189.9    13.4
   32.4   -43.8
  349.1    25.0
  338.6    34.5
  219.6   -35.7
  319.6   -75.5
  258.7   -50.4
  231.0    12.9
   74.0     1.2
  112.4   -26.0
  187.1     0.1
   47.7   -25.4
  349.7   -47.7
  196.5   -35.4
  307.5   -15.4
  314.0   -13.8
  232.8    62.7
  179.1   -21.0
  105.5   -60.2
  135.3    -1.2
   75.1    31.2
  184.3   -65.8
  114.9    69.9
  176.8   -53.9
  184.7    62.6
   14.1    -9.9
  198.2   -11.7
   29.1   -65.6
  244.3   -15.4
    9.4    -3.8
  315.4     0.8
  121.2   -26.4
   41.9    58.2
   35.2    -4.6
   50.0   -38.3
   85.2   -57.5
   76.0     5.6
   16.8    54.7
   35.5     9.2
  157.8     8.1
  339.4    -7.7
  287.8   -26.9
  150.5    28.4
  128.6    24.8
  309.0   -44.1
  226.9    38.1
  359.7    59.7
