   37.5    49.6
  336.5    60.9
  338.0    23.0
  355.7     7.5
    8.2    58.6
    6.2    29.8
  357.0    50.0
  342.8    58.6
  339.3     0.3
    3.9    21.7
  354.3    49.0
    0.3    48.6
  335.8    64.0
   18.1    32.8
  353.9    31.3
   30.8    48.1
   28.0    42.6
  352.8    38.6
  351.4    47.9
   15.0     5.8
  201.4   -27.4
  194.5   -60.3
  151.7   -34.4
  202.4   -54.6
  178.1    13.5
  174.2   -38.4
  192.5   -44.2
  182.4   -10.1
  187.2   -51.7
  158.1     0.5
  181.3   -36.6
  194.1   -47.0
  158.2    -7.0
  204.1   -24.0
  177.7   -36.9
  179.3   -53.7
  173.7   -27.8
  186.3    14.8
  168.9   -37.3
  168.2   -23.5
   13.3    42.3
  348.4    55.8
  353.9    54.8
    8.7    39.2
  340.0     7.0
  336.2    47.9
    3.8    25.4
   14.3    15.7
  323.9    36.7
   12.7    56.4
   14.2    51.6
  348.7    11.4
  345.1    26.8
  350.4    47.4
  352.3     7.3
    3.9    32.2
   31.9    67.9
    8.1    47.2
   32.6    48.6
   18.9     1.5
  159.5   -48.4
  164.1    -8.8
  168.1   -49.8
  173.4   -38.0
  169.6   -25.6
  201.1   -38.6
  189.2     3.2
  168.2   -22.8
  166.3   -51.6
  178.5   -26.6
  179.6   -27.0
  180.1   -29.0
  172.0   -47.0
  171.0   -38.9
  177.8   -58.0
  195.0   -25.7
  188.4   -56.8
  166.3   -27.0
  182.3   -57.6
  181.9   -40.0
