  350.9    57.2 41418.51 
    2.1    50.5 33633.24 
   16.6    51.0 32374.95 
    8.1    11.8 15687.46 
    3.5    55.4 26280.82 
  353.4    40.7 16609.40 
    4.3    50.4 36573.43 
    2.9    44.5 26471.41 
  355.9    64.4 24182.19 
  358.8    -5.3 11135.77 
    2.6    58.4 20060.89 
  303.5    78.9  6752.72 
   16.1    51.9 24199.53 
  345.0    52.1 29563.60 
  353.3    60.6 22735.04 
  355.0    62.7 25143.25 
  354.2    47.5 15270.83 
   17.7    51.1 27899.10 
  339.7    33.2 22256.08 
   24.6    37.4 22120.36 
   28.5    35.0 20558.14 
  349.3    55.3 33243.89 
  344.6    49.4 17559.97 
  348.9    60.3 44876.41 
    2.5    42.5 40021.28 
   19.7   -24.6  6891.16 
  354.0    40.4 36501.52 
    3.4    51.9 29077.22 
    6.2    29.9 20463.61 
  346.2    61.7 19296.52 
  342.4    58.9 18122.28 
   21.0    29.3  2019.17 
  354.7    38.7 24141.45 
  348.0    31.5 13926.11 
    1.7    54.1 31943.81 
  356.2    57.8 24132.34 
   14.7    24.0 12016.05 
  352.9    40.4 35560.45 
   30.7    61.9 20170.61 
  340.9    24.5 13647.19 
  332.5    60.9 23590.99 
  359.3    50.3 49903.71 
  354.9    65.1 34781.26 
  358.0    52.1 45993.83 
   24.9    47.3 18728.17 
   16.7    -5.6 10001.87 
  337.3    60.7 27622.73 
    5.2    42.7 26208.77 
    6.7    52.5 43993.54 
  359.3    55.5 28490.81 
   14.5    49.2 23879.75 
  349.9    24.9  3625.15 
   12.6    50.3 33595.96 
    3.8    49.4 31810.63 
  343.2    57.9 28863.97 
    2.9    54.2 51970.76 
    3.2    60.9 35670.43 
  357.4    47.0 30934.50 
   18.3    51.9 10241.02 
    2.2    47.3 24792.53 
  354.1    50.6 45981.01 
  358.8    18.4 11452.57 
   13.5   -24.2  6519.76 
  356.7    36.4 27101.95 
  358.6    40.4 25969.75 
   26.2    42.4 29262.44 
  358.7    28.1 22791.77 
    7.5    49.2 31429.17 
  339.8    22.5 13601.42 
   14.3    45.2 21959.66 
  350.2    43.1 22147.12 
  346.6    57.9 21349.38 
  352.8    39.9 24471.42 
   14.1    46.7 39276.08 
  356.7    54.6 31923.98 
  358.5    38.9 25786.34 
  352.1    49.8 36571.22 
  329.2    47.8 33736.79 
   10.8    57.6 23010.63 
  357.6    45.2 30488.58 
  331.3    19.7 14769.27 
  335.4    52.1 28028.74 
  358.4    62.3 13384.65 
  322.9    29.7  4381.14 
  344.9    57.7 21476.48 
    7.9    51.7 39029.43 
    5.0    35.2 15845.22 
  335.9    19.2  9500.83 
    3.2    46.4 19964.99 
  357.7    52.2 25944.62 
  344.2    54.4 33244.01 
   18.7    62.1 13756.11 
    4.9    50.1 44789.50 
   23.9    56.1 29093.82 
  352.5    47.0 31379.73 
   39.4    48.0 18033.42 
   18.3    38.3 21109.12 
   13.4    40.6 22420.08 
   26.0    57.5 23350.32 
  336.8    39.0 14192.92 
