  203.6   -63.5 27776.51 
   10.9    54.9 22648.97 
  196.2   -64.9 42246.18 
   46.1    63.3 30575.42 
  196.6   -67.6 42474.28 
   21.4    41.9 19031.21 
  214.7   -20.5  9764.28 
   14.4    53.6 26401.53 
  156.8   -65.9 23936.73 
   12.7    58.2 39023.44 
  172.5   -44.7 35387.09 
   34.3    54.0 19370.88 
  182.9   -54.0 26283.79 
    6.8    45.7 22049.86 
  180.0   -70.5 33693.63 
  353.8    59.8 35656.85 
  183.1   -57.4  7835.45 
   13.3    68.0 34617.72 
  161.8   -58.8 36072.10 
    7.9    71.8 34937.38 
