8.788595
10.555079
10.504362
9.083888
9.002560
9.923355
11.390003
10.179818
8.568112
8.786503
11.512453
10.196665
8.859521
6.882216
10.059905
11.035574
9.306383
9.950564
9.699580
10.457862
10.114080
9.528651
8.908772
10.961046
9.884251
9.902184
10.028122
9.565245
10.887863
10.868228
8.178550
12.469453
9.322861
9.322286
11.613016
11.824662
10.259620
10.037666
10.745253
11.366716
10.078180
9.287138
9.596157
10.161996
9.328813
10.336650
8.972715
9.344999
10.047269
9.565755
9.098317
10.674619
8.614954
9.004973
10.319148
9.378204
10.076181
10.513016
10.304800
8.919679
10.596754
11.231853
11.173928
11.601769
9.490029
8.035956
11.654992
9.548327
9.890689
10.336940
10.448901
10.111340
9.001466
10.106545
10.306450
8.924739
10.160536
10.915049
9.679075
8.937141
9.662247
11.401407
7.917393
10.660626
10.089643
10.960683
9.422068
9.739400
10.881784
10.371498
10.032021
8.859604
9.703206
11.722288
10.120666
9.926947
8.975710
8.643900
9.265516
10.322827
