  249.3    68.4
  106.6    82.7
  351.6    68.7
  355.1    71.6
    8.0    73.9
  288.1    70.9
   52.5    80.0
  297.6    70.2
  287.8    60.3
   55.7    66.9
  261.1    84.0
  168.6    71.4
  124.8    60.4
  121.3    73.9
  125.0    80.4
  228.9    81.2
  246.3    78.5
  200.8    84.1
  233.2    76.6
  229.5    88.1
  282.5    68.2
  173.4    84.1
    3.8    74.0
   90.2    66.8
  338.6    69.4
  198.7    75.0
  323.9    79.2
   40.2    81.8
  353.8    85.4
  122.7    80.7
  183.3    76.9
  189.9    63.1
  256.8    73.9
  121.8    78.9
  283.8    65.8
  169.7    75.9
  349.3    67.4
   29.1    63.0
  111.6    80.0
  117.1    73.6
  226.8    83.6
  215.3    77.2
  159.6    80.0
  187.5    84.7
   66.1    64.6
  257.3    65.1
  244.8    72.3
   59.4    61.9
  204.9    61.6
  216.6    62.0
   25.7    83.2
  316.2    77.0
   70.1    83.8
  107.8    79.3
   94.3    59.4
  325.7    80.5
   56.5    69.3
  140.0    80.3
   58.0    71.9
  280.3    74.2
  227.3    75.6
  149.1    73.4
   48.6    80.2
  182.1    83.3
  106.8    62.3
  263.6    72.2
  110.3    69.0
   15.9    71.7
  301.0    79.5
   64.6    81.6
   71.4    76.4
  201.4    73.6
  237.3    83.9
   98.5    60.2
  155.3    82.9
  180.9    85.3
  280.6    74.6
  296.2    75.1
  150.7    70.2
  331.5    83.7
   15.8    87.3
    1.4    82.5
  132.0    72.6
   29.6    73.9
  245.2    62.7
  164.0    69.4
  358.3    69.6
   53.3    72.3
   15.5    80.6
  268.9    73.3
  219.9    70.9
   20.7    83.5
   34.0    79.7
  158.3    73.8
   60.2    86.6
  293.2    69.0
   18.2    53.4
  335.2    67.3
  212.1    75.5
  236.3    74.7
