  359.7    49.7 
    0.7    57.2 
  310.7    54.1 
   21.6    24.8 
    6.0    23.4 
    8.1    38.2 
  334.6    28.1 
    8.8    29.7 
   11.6    34.7 
  353.7    34.7 
  344.6    41.8 
  352.0    40.7 
   18.0    30.4 
   20.4    44.5 
   39.0    38.6 
  342.9     7.8 
  337.6    36.5 
  359.4    33.8 
  346.0    21.5 
    6.2    40.4 
    1.1    28.8 
  356.0    45.3 
  344.0    27.5 
   23.6    46.1 
   20.1    20.0 
  343.6    43.6 
    7.8    34.7 
   14.1    51.7 
   18.3    48.7 
   10.2    31.7 
  332.4    53.4 
  357.1    65.4 
   16.6    57.3 
   10.6    18.8 
    7.3    39.9 
  351.6     2.4 
   29.8    44.1 
  352.5    39.1 
  349.0    23.7 
   20.7    68.8 
   11.0    50.2 
  347.7    34.3 
  357.3    42.1 
  349.3    52.0 
   24.4    28.8 
   17.2    18.7 
    1.5    54.8 
   11.4    36.3 
  349.1    72.2 
  356.7    28.4 
    9.3    45.4 
   14.6    32.3 
  357.8    50.2 
  319.1    63.2 
  342.6    45.8 
   19.1    15.1 
   20.5    52.7 
  335.7    51.6 
  353.2    54.6 
  351.1    27.5 
  353.3    52.1 
   11.1    29.5 
  345.3    45.2 
  315.6    58.1 
   16.7    40.9 
    5.5    49.3 
   12.2    36.1 
  350.7    45.5 
   40.5    63.8 
   53.3    57.5 
  351.8    33.3 
   24.5    43.5 
  351.5    30.8 
  342.6    51.5 
   11.7    11.2 
  353.7    34.9 
   11.9    47.0 
   13.0    28.0 
   28.8    47.1 
  342.1    25.7 
  344.9    57.7 
    3.7    25.1 
   26.6    76.2 
    6.1    41.9 
  355.5    37.1 
  357.7    16.1 
  341.2    63.0 
  352.9    39.7 
    3.0    30.6 
  342.4    41.6 
  339.0    30.4 
    7.0    42.5 
  355.0    47.5 
  355.4    36.3 
  359.3     1.7 
  344.5    34.6 
  341.1    30.4 
   14.2    39.3 
   17.1    40.0 
    1.2    52.1 
