  358.3    58.6 32621.03 
  357.9    42.7 31798.37 
  294.5   -11.4  5052.67 
  345.2    53.3 30800.62 
   16.9    61.2 39348.04 
    8.1    37.3 14859.26 
   32.5    51.5 23195.46 
  349.6    70.2 14988.80 
  345.8    64.0 37928.25 
  352.9    66.3 43810.79 
  351.0    63.0 42388.75 
  349.2    65.6 22897.91 
   10.6    55.7 34921.40 
   11.5    26.6 13280.35 
   14.8    60.9 30404.62 
  358.8    66.4 46048.40 
    4.4    27.7 11013.72 
  350.1    74.7 52067.22 
   17.9    75.9 24794.96 
   15.4    35.2 11339.67 
