   27.0    43.2 
   17.0    45.0 
   31.7    49.9 
   48.1    41.2 
   28.4    50.7 
   36.4    46.9 
   33.7    30.4 
   44.0    36.9 
   11.7    39.6 
   21.4    31.2 
   25.1    45.9 
   42.5    27.3 
   49.6    39.9 
   34.2    37.9 
   20.8    41.3 
   21.6    50.8 
   36.2    42.0 
   13.3    36.0 
   12.6    40.5 
   32.2    30.1 
   39.1    42.0 
   18.6    36.1 
   48.3    46.5 
   16.8    53.0 
   42.0    44.6 
   34.9    58.0 
   34.8    29.1 
   25.1    35.2 
   47.8    47.3 
   19.0    36.6 
   27.7    36.0 
   39.4    32.0 
   31.6    43.2 
   40.3    41.4 
   31.3    47.0 
   28.4    28.9 
   24.6    35.4 
   33.0    31.1 
   36.6    45.6 
   44.3    30.2 
   39.3    39.7 
   45.6    50.5 
   39.0    37.9 
   32.5    44.9 
   36.2    40.6 
   44.9    65.7 
    8.5    41.9 
   35.2    38.9 
   24.7    38.2 
   29.2    32.1 
