  182.7   -64.7 17378.85 
  354.7    62.8 41218.87 
  198.1   -68.1 31426.19 
  344.8    61.8 42313.54 
  194.0   -56.5 26596.54 
  350.0    56.1 28945.50 
  214.2   -55.3 22179.07 
  344.9    56.5 20852.38 
  172.6   -70.7 38203.04 
    3.0    60.9 35410.81 
  155.2   -60.2 23815.60 
    8.4    65.1 37353.98 
  183.5   -56.5 36172.41 
  342.5    56.1 20585.63 
  175.5   -53.4 32118.82 
  338.9    73.3 53192.62 
  169.8   -56.9 19943.84 
  347.1    45.9 20999.75 
  183.2   -52.5 39648.90 
   12.5    57.5 40382.90 
