-1.129845
0.308941
-0.276173
0.087098
-0.082522
-0.305300
0.601233
1.090963
0.354286
0.607932
-0.200308
-0.822656
-0.376442
-0.192223
0.514567
-0.219000
-1.803648
0.115523
-1.476347
-1.552705
0.009335
1.521476
-1.326219
-1.318507
-0.630086
1.139239
0.789801
-0.341922
0.483418
-1.331242
-0.452246
-0.736378
-1.166178
-1.383403
-1.116998
0.610895
-1.237205
1.651542
-0.480687
0.667452
0.951638
-0.378166
-0.347675
-0.154752
0.363806
2.113077
0.277725
-0.824938
-1.040870
-1.185189
-0.446725
-0.025823
-0.258779
-0.267804
-1.576684
-0.570479
-0.407497
-0.773743
0.116447
-1.276445
0.781559
-0.271131
-1.576312
-1.154093
-0.846422
-0.717519
1.605729
-0.318776
1.019702
0.167363
-0.403737
-0.932917
-1.300204
-0.424498
0.826269
-0.764193
-0.528552
-0.118937
-0.182268
0.222476
1.159806
0.978397
0.176710
-0.228300
0.096178
-1.014683
1.603406
1.539843
0.099445
-0.546812
-0.013279
1.194830
-1.422918
0.482143
2.426712
1.705291
-0.886169
0.371681
0.962996
1.866475
