   69.8   -41.7
  182.7   -15.1
  181.8    10.8
  194.1   -25.6
  163.6    73.8
   25.2   -46.5
  270.6    36.4
  130.4   -60.1
  172.0   -32.8
  121.3    34.4
    8.7   -18.9
   67.7    49.9
    5.2    85.0
   71.2     6.9
  116.4    45.1
   18.9    45.0
  113.8   -34.0
  165.2    29.2
   58.0   -15.8
  351.2    45.1
  134.1     4.0
  116.2    38.5
  357.9     4.3
  263.0   -67.3
  265.6   -68.9
   35.1   -40.2
   17.0   -61.5
  144.8   -57.2
  309.3   -35.6
  230.0   -46.5
  281.8   -28.7
  110.2   -55.9
  192.9    -5.9
  176.7    60.8
   32.8    -0.1
  113.5     5.1
   70.7     2.2
  162.4    48.9
  232.9    35.1
   38.7    35.5
  151.6   -32.0
   49.7    17.4
  207.6   -11.2
  167.0    53.5
  240.0    31.9
  329.7   -75.1
  111.4    65.9
  303.9   -32.4
  250.0    34.6
  252.8   -84.8
