   62.5    68.9 
  102.6    81.4 
   56.0    61.3 
   29.0    45.1 
   43.4    51.1 
   62.0    58.2 
   28.8    57.6 
   89.3    66.8 
   37.0    54.4 
   52.7    42.8 
  105.8    60.6 
   14.7    50.4 
   57.8    61.0 
   85.3    63.6 
   13.0    44.1 
    3.5    62.0 
   23.7    43.6 
   51.2    43.6 
    2.2    60.7 
   35.4    82.4 
   23.1    72.7 
   23.8    64.1 
   36.1    65.1 
   16.6    58.6 
   97.0    86.1 
   10.6    66.7 
    0.1    61.7 
    8.8    77.9 
   66.3    52.7 
   29.8    67.5 
   14.2    43.2 
   61.2    64.8 
   43.5    62.2 
   72.9    63.8 
   69.9    65.1 
   72.0    45.4 
   29.1    58.4 
   12.8    54.0 
   94.9    69.1 
    4.2    51.7 
   41.9    45.4 
   43.5    54.2 
  128.3    82.8 
   25.0    43.3 
   21.6    47.4 
   52.0    36.5 
   70.7    59.0 
   91.5    71.2 
   88.0    54.8 
   56.9    49.1 
   40.7    57.5 
   14.7    58.2 
   27.1    31.8 
   65.9    61.6 
   20.9    61.5 
   67.5    60.8 
   75.1    51.8 
   21.9    63.3 
   38.9    49.9 
   24.1    47.2 
   87.4    54.1 
  119.9    63.0 
   78.6    41.2 
   93.5    68.0 
   15.7    60.3 
   63.2    54.0 
   80.4    46.0 
   55.2    54.4 
   40.0    68.6 
   71.7    57.0 
   52.8    62.4 
   17.4    58.3 
   69.4    65.7 
   74.8    55.4 
   38.1    54.3 
   10.6    49.5 
   72.6    71.7 
   69.4    45.3 
   24.8    21.7 
  117.3    71.9 
   30.6    62.0 
   25.7    44.6 
   36.9    62.0 
   95.0    61.6 
   38.3    61.2 
   69.0    60.4 
  101.7    67.3 
   56.0    63.8 
   14.5    58.0 
   11.5    45.3 
   38.4    74.6 
  351.5    51.6 
   61.5    57.3 
   84.7    47.3 
   33.9    56.5 
   94.3    62.4 
   36.6    61.8 
   90.6    84.1 
   64.7    52.0 
   59.8    48.0 
